<?xml version="1.0" encoding="UTF-8"?>
<testng-results ignored="0" total="3" passed="3" failed="0" skipped="0">
  <reporter-output>
  </reporter-output>
  <suite started-at="2025-08-19T08:49:04 IST" name="Suite" finished-at="2025-08-19T08:49:53 IST" duration-ms="48531">
    <groups>
      <group name="regression">
        <method signature="LoginTest.loginApplication()[pri:0, instance:TestClasses.LoginTest@3aa078fd]" name="loginApplication" class="TestClasses.LoginTest"/>
      </group> <!-- regression -->
    </groups>
    <test started-at="2025-08-19T08:49:04 IST" name="Test" finished-at="2025-08-19T08:49:53 IST" duration-ms="48531">
      <class name="TestClasses.CreateCustomerTest">
        <test-method is-config="true" signature="getDriver()[pri:0, instance:TestClasses.CreateCustomerTest@15d49048]" started-at="2025-08-19T08:49:23 IST" name="getDriver" finished-at="2025-08-19T08:49:28 IST" duration-ms="5086" status="PASS">
          <reporter-output>
          </reporter-output>
        </test-method> <!-- getDriver -->
        <test-method signature="createCustomer(java.lang.String,java.lang.String,java.lang.String,java.lang.String,java.lang.String,java.lang.String,java.lang.String,java.lang.String,java.lang.String)[pri:0, instance:TestClasses.CreateCustomerTest@15d49048]" started-at="2025-08-19T08:49:28 IST" name="createCustomer" data-provider="registerpatientdata" finished-at="2025-08-19T08:49:35 IST" duration-ms="6776" status="PASS">
          <params>
            <param index="0">
              <value>
                <![CDATA[Harry]]>
              </value>
            </param>
            <param index="1">
              <value>
                <![CDATA[14-09-1992]]>
              </value>
            </param>
            <param index="2">
              <value>
                <![CDATA[kamakhyanagar]]>
              </value>
            </param>
            <param index="3">
              <value>
                <![CDATA[dhenkanal]]>
              </value>
            </param>
            <param index="4">
              <value>
                <![CDATA[odisha]]>
              </value>
            </param>
            <param index="5">
              <value>
                <![CDATA[759018]]>
              </value>
            </param>
            <param index="6">
              <value>
                <![CDATA[9955456255]]>
              </value>
            </param>
            <param index="7">
              <value>
                <![CDATA[qwer@gmail.com]]>
              </value>
            </param>
            <param index="8">
              <value>
                <![CDATA[AmeserY]]>
              </value>
            </param>
          </params>
          <reporter-output>
          </reporter-output>
        </test-method> <!-- createCustomer -->
        <test-method is-config="true" signature="closeBrowser()[pri:0, instance:TestClasses.CreateCustomerTest@15d49048]" started-at="2025-08-19T08:49:35 IST" name="closeBrowser" finished-at="2025-08-19T08:49:39 IST" duration-ms="3621" status="PASS">
          <reporter-output>
          </reporter-output>
        </test-method> <!-- closeBrowser -->
        <test-method is-config="true" signature="getDriver()[pri:0, instance:TestClasses.CreateCustomerTest@15d49048]" started-at="2025-08-19T08:49:39 IST" name="getDriver" finished-at="2025-08-19T08:49:44 IST" duration-ms="4989" status="PASS">
          <reporter-output>
          </reporter-output>
        </test-method> <!-- getDriver -->
        <test-method signature="createCustomer(java.lang.String,java.lang.String,java.lang.String,java.lang.String,java.lang.String,java.lang.String,java.lang.String,java.lang.String,java.lang.String)[pri:0, instance:TestClasses.CreateCustomerTest@15d49048]" started-at="2025-08-19T08:49:44 IST" name="createCustomer" data-provider="registerpatientdata" finished-at="2025-08-19T08:49:49 IST" duration-ms="5026" status="PASS">
          <params>
            <param index="0">
              <value>
                <![CDATA[Jhon]]>
              </value>
            </param>
            <param index="1">
              <value>
                <![CDATA[12-02-1992]]>
              </value>
            </param>
            <param index="2">
              <value>
                <![CDATA[bandra]]>
              </value>
            </param>
            <param index="3">
              <value>
                <![CDATA[mumbai]]>
              </value>
            </param>
            <param index="4">
              <value>
                <![CDATA[maharastra]]>
              </value>
            </param>
            <param index="5">
              <value>
                <![CDATA[3000526]]>
              </value>
            </param>
            <param index="6">
              <value>
                <![CDATA[9583969410]]>
              </value>
            </param>
            <param index="7">
              <value>
                <![CDATA[asdf@gmail.com]]>
              </value>
            </param>
            <param index="8">
              <value>
                <![CDATA[AmeserY]]>
              </value>
            </param>
          </params>
          <reporter-output>
          </reporter-output>
        </test-method> <!-- createCustomer -->
        <test-method is-config="true" signature="closeBrowser()[pri:0, instance:TestClasses.CreateCustomerTest@15d49048]" started-at="2025-08-19T08:49:49 IST" name="closeBrowser" finished-at="2025-08-19T08:49:53 IST" duration-ms="3671" status="PASS">
          <reporter-output>
          </reporter-output>
        </test-method> <!-- closeBrowser -->
      </class> <!-- TestClasses.CreateCustomerTest -->
      <class name="TestClasses.LoginTest">
        <test-method is-config="true" signature="getDriver()[pri:0, instance:TestClasses.LoginTest@3aa078fd]" started-at="2025-08-19T08:49:04 IST" name="getDriver" finished-at="2025-08-19T08:49:15 IST" duration-ms="11159" status="PASS">
          <reporter-output>
          </reporter-output>
        </test-method> <!-- getDriver -->
        <test-method signature="loginApplication()[pri:0, instance:TestClasses.LoginTest@3aa078fd]" started-at="2025-08-19T08:49:15 IST" name="loginApplication" finished-at="2025-08-19T08:49:19 IST" duration-ms="3846" status="PASS">
          <reporter-output>
          </reporter-output>
        </test-method> <!-- loginApplication -->
        <test-method is-config="true" signature="closeBrowser()[pri:0, instance:TestClasses.LoginTest@3aa078fd]" started-at="2025-08-19T08:49:19 IST" name="closeBrowser" finished-at="2025-08-19T08:49:23 IST" duration-ms="4193" status="PASS">
          <reporter-output>
          </reporter-output>
        </test-method> <!-- closeBrowser -->
      </class> <!-- TestClasses.LoginTest -->
    </test> <!-- Test -->
  </suite> <!-- Suite -->
</testng-results>
