<?xml version="1.0" encoding="UTF-8"?>
<!-- Generated by org.testng.reporters.JUnitXMLReporter -->
<testsuite ignored="0" hostname="Rashwini_PC" failures="2" tests="3" name="Surefire test" time="19.335" errors="0" timestamp="2025-08-14T07:41:35 IST">
  <testcase classname="TestClasses.CreateCustomerTest" name="createCustomer" time="1.514">
    <failure type="java.lang.NullPointerException" message="Cannot invoke &amp;quot;org.openqa.selenium.WebDriver.findElement(org.openqa.selenium.By)&amp;quot; because &amp;quot;this.driver&amp;quot; is null">
      <![CDATA[java.lang.NullPointerException: Cannot invoke "org.openqa.selenium.WebDriver.findElement(org.openqa.selenium.By)" because "this.driver" is null
at TestClasses.LoginTest.loginApplication(LoginTest.java:32)
at TestClasses.CreateCustomerTest.createCustomer(CreateCustomerTest.java:34)
at java.base/java.util.ArrayList.forEach(ArrayList.java:1596)
... Removed 30 stack frames]]>
    </failure>
  </testcase> <!-- createCustomer -->
  <testcase classname="TestClasses.CreateCustomerTest" name="createCustomer" time="0.117">
    <failure type="java.lang.NullPointerException" message="Cannot invoke &amp;quot;org.openqa.selenium.WebDriver.findElement(org.openqa.selenium.By)&amp;quot; because &amp;quot;this.driver&amp;quot; is null">
      <![CDATA[java.lang.NullPointerException: Cannot invoke "org.openqa.selenium.WebDriver.findElement(org.openqa.selenium.By)" because "this.driver" is null
at TestClasses.LoginTest.loginApplication(LoginTest.java:32)
at TestClasses.CreateCustomerTest.createCustomer(CreateCustomerTest.java:34)
at java.base/java.util.ArrayList.forEach(ArrayList.java:1596)
... Removed 30 stack frames]]>
    </failure>
  </testcase> <!-- createCustomer -->
  <testcase classname="TestClasses.LoginTest" name="loginApplication" time="1.842"/>
</testsuite> <!-- Surefire test -->
