<?xml version="1.0" encoding="UTF-8"?>
<!-- Generated by org.testng.reporters.JUnitXMLReporter -->
<testsuite ignored="0" hostname="Rashwini_PC" failures="0" tests="3" name="Test" time="48.531" errors="0" timestamp="2025-08-19T08:49:54 IST">
  <testcase classname="TestClasses.LoginTest" name="loginApplication" time="3.846"/>
  <testcase classname="TestClasses.CreateCustomerTest" name="createCustomer" time="6.776"/>
  <testcase classname="TestClasses.CreateCustomerTest" name="createCustomer" time="5.026"/>
</testsuite> <!-- Test -->
